docker : time="2026-03-09T03:1
9:14+07:00" level=warning msg=
"C:\\Users\\User\\Downloads\\C
ompressed\\coding\\Linux 
Hyper-v Linkedin\\linkedin-aut
omation\\docker-compose.yml: 
the attribute `version` is 
obsolete, it will be ignored, 
please remove it to avoid 
potential confusion"
At line:1 char:1
+ docker compose up --build 
-d 2>&1 | Out-File -Encoding 
utf8 compose.l ...
+ ~~~~~~~~~~~~~~~~~~~~~~~~~~~~
~~~~~
    + CategoryInfo          : 
    NotSpecified: (time="202  
  6-03-0...tial confusion":   
 String) [], RemoteExcepti    
on
    + FullyQualifiedErrorId : 
    NativeCommandError
 
unable to get image 
'linkedin-automation-worker': 
error during connect: Get "htt
p://%2F%2F.%2Fpipe%2FdockerDes
ktopLinuxEngine/v1.51/images/l
inkedin-automation-worker/json
": open //./pipe/dockerDesktop
LinuxEngine: The system 
cannot find the file 
specified.
